Flutter crash report.
Please report a bug at https://github.com/flutter/flutter/issues.

## command

flutter run

## exception

RPCError: _flutter.listViews: (-32000) Service connection disposed

```
#0      VmService._call (package:vm_service/src/vm_service.dart:1774:7)
#1      VmService.callServiceExtension (package:vm_service/src/vm_service.dart:1726:14)
#2      VmService.callMethod (package:vm_service/src/vm_service.dart:1717:12)
#3      FlutterVmService.callMethodWrapper (package:flutter_tools/src/vmservice.dart:501:28)
#4      FlutterVmService.getFlutterViews (package:flutter_tools/src/vmservice.dart:913:51)
#5      HotRunner.attach (package:flutter_tools/src/run_hot.dart:304:63)
<asynchronous suspension>
#6      RunCommand.runCommand (package:flutter_tools/src/commands/run.dart:867:27)
<asynchronous suspension>
#7      FlutterCommand.run.<anonymous closure> (package:flutter_tools/src/runner/flutter_command.dart:1408:27)
<asynchronous suspension>
#8      AppContext.run.<anonymous closure> (package:flutter_tools/src/base/context.dart:153:19)
<asynchronous suspension>
#9      CommandRunner.runCommand (package:args/command_runner.dart:212:13)
<asynchronous suspension>
#10     FlutterCommandRunner.runCommand.<anonymous closure> (package:flutter_tools/src/runner/flutter_command_runner.dart:420:9)
<asynchronous suspension>
#11     AppContext.run.<anonymous closure> (package:flutter_tools/src/base/context.dart:153:19)
<asynchronous suspension>
#12     FlutterCommandRunner.runCommand (package:flutter_tools/src/runner/flutter_command_runner.dart:364:5)
<asynchronous suspension>
#13     run.<anonymous closure>.<anonymous closure> (package:flutter_tools/runner.dart:130:9)
<asynchronous suspension>
#14     AppContext.run.<anonymous closure> (package:flutter_tools/src/base/context.dart:153:19)
<asynchronous suspension>
#15     main (package:flutter_tools/executable.dart:93:3)
<asynchronous suspension>
```

## flutter doctor

```
[32m[✓][39m Flutter (Channel stable, 3.24.0, on Microsoft Windows [Version 10.0.19045.4780], locale en-GB)
    [32m•[39m Flutter version 3.24.0 on channel stable at C:\Users\Hp\Downloads\flutter installation\flutter_windows_3.24.0-stable\flutter
    [32m•[39m Upstream repository https://github.com/flutter/flutter.git
    [32m•[39m Framework revision 80c2e84975 (5 weeks ago), 2024-07-30 23:06:49 +0700
    [32m•[39m Engine revision b8800d88be
    [32m•[39m Dart version 3.5.0
    [32m•[39m DevTools version 2.37.2

[32m[✓][39m Windows Version (Installed version of Windows is version 10 or higher)

[32m[✓][39m Android toolchain - develop for Android devices (Android SDK version 35.0.0)
    [32m•[39m Android SDK at C:\Users\Hp\AppData\Local\Android\sdk
    [32m•[39m Platform android-35, build-tools 35.0.0
    [32m•[39m Java binary at: C:\Program Files\Android\Android Studio\jbr\bin\java
    [32m•[39m Java version OpenJDK Runtime Environment (build 17.0.11+0--11852314)
    [32m•[39m All Android licenses accepted.

[32m[✓][39m Chrome - develop for the web
    [32m•[39m Chrome at C:\Program Files\Google\Chrome\Application\chrome.exe

[31m[✗][39m Visual Studio - develop Windows apps
    [31m✗[39m Visual Studio not installed; this is necessary to develop Windows apps.
      Download at https://visualstudio.microsoft.com/downloads/.
      Please install the "Desktop development with C++" workload, including all of its default components

[32m[✓][39m Android Studio (version 2024.1)
    [32m•[39m Android Studio at C:\Program Files\Android\Android Studio
    [32m•[39m Flutter plugin can be installed from:
      🔨 https://plugins.jetbrains.com/plugin/9212-flutter
    [32m•[39m Dart plugin can be installed from:
      🔨 https://plugins.jetbrains.com/plugin/6351-dart
    [32m•[39m Java version OpenJDK Runtime Environment (build 17.0.11+0--11852314)

[32m[✓][39m VS Code (version 1.92.2)
    [32m•[39m VS Code at C:\Users\Hp\AppData\Local\Programs\Microsoft VS Code
    [32m•[39m Flutter extension version 3.95.20240801

[32m[✓][39m Connected device (4 available)
    [32m•[39m sdk gphone64 x86 64 (mobile) • emulator-5554 • android-x64    • Android 14 (API 34) (emulator)
    [32m•[39m Windows (desktop)            • windows       • windows-x64    • Microsoft Windows [Version 10.0.19045.4780]
    [32m•[39m Chrome (web)                 • chrome        • web-javascript • Google Chrome 128.0.6613.85
    [32m•[39m Edge (web)                   • edge          • web-javascript • Microsoft Edge 128.0.2739.42

[32m[✓][39m Network resources
    [32m•[39m All expected network resources are available.

[33m![39m Doctor found issues in 1 category.
```
